Using pre-set license
Built from '2022.3/staging' branch; Version is '2022.3.10f1 (ff3792e53c62) revision 16725906'; Using compiler version '192829333'; Build Type 'Release'
OS: 'Windows 11  (10.0.22621) 64bit CoreCountrySpecific' Language: 'zh' Physical Memory: 14020 MB
BatchMode: 1, IsHumanControllingUs: 0, StartBugReporterOnCrash: 0, Is64bit: 1, IsPro: 1

COMMAND LINE ARGUMENTS:
D:\Unity\2022.3.10f1\Editor\Unity.exe
-adb2
-batchMode
-noUpm
-name
AssetImportWorker5
-projectPath
D:/Unity Project/CMPM125-Final
-logFile
Logs/AssetImportWorker5.log
-srvPort
53272
Successfully changed project path to: D:/Unity Project/CMPM125-Final
D:/Unity Project/CMPM125-Final
[UnityMemory] Configuration Parameters - Can be set up in boot.config
    "memorysetup-bucket-allocator-granularity=16"
    "memorysetup-bucket-allocator-bucket-count=8"
    "memorysetup-bucket-allocator-block-size=33554432"
    "memorysetup-bucket-allocator-block-count=8"
    "memorysetup-main-allocator-block-size=16777216"
    "memorysetup-thread-allocator-block-size=16777216"
    "memorysetup-gfx-main-allocator-block-size=16777216"
    "memorysetup-gfx-thread-allocator-block-size=16777216"
    "memorysetup-cache-allocator-block-size=4194304"
    "memorysetup-typetree-allocator-block-size=2097152"
    "memorysetup-profiler-bucket-allocator-granularity=16"
    "memorysetup-profiler-bucket-allocator-bucket-count=8"
    "memorysetup-profiler-bucket-allocator-block-size=33554432"
    "memorysetup-profiler-bucket-allocator-block-count=8"
    "memorysetup-profiler-allocator-block-size=16777216"
    "memorysetup-profiler-editor-allocator-block-size=1048576"
    "memorysetup-temp-allocator-size-main=16777216"
    "memorysetup-job-temp-allocator-block-size=2097152"
    "memorysetup-job-temp-allocator-block-size-background=1048576"
    "memorysetup-job-temp-allocator-reduction-small-platforms=262144"
    "memorysetup-allocator-temp-initial-block-size-main=262144"
    "memorysetup-allocator-temp-initial-block-size-worker=262144"
    "memorysetup-temp-allocator-size-background-worker=32768"
    "memorysetup-temp-allocator-size-job-worker=262144"
    "memorysetup-temp-allocator-size-preload-manager=33554432"
    "memorysetup-temp-allocator-size-nav-mesh-worker=65536"
    "memorysetup-temp-allocator-size-audio-worker=65536"
    "memorysetup-temp-allocator-size-cloud-worker=32768"
    "memorysetup-temp-allocator-size-gi-baking-worker=262144"
    "memorysetup-temp-allocator-size-gfx=262144"
Player connection [25432] Host "[IP] 192.168.146.1 [Port] 0 [Flags] 2 [Guid] 2977500741 [EditorId] 2977500741 [Version] 1048832 [Id] WindowsEditor(7,Thinkbook14) [Debug] 1 [PackageName] WindowsEditor [ProjectName] Editor" joined multi-casting on [225.0.0.222:54997]...

Player connection [25432] Host "[IP] 192.168.146.1 [Port] 0 [Flags] 2 [Guid] 2977500741 [EditorId] 2977500741 [Version] 1048832 [Id] WindowsEditor(7,Thinkbook14) [Debug] 1 [PackageName] WindowsEditor [ProjectName] Editor" joined alternative multi-casting on [225.0.0.222:34997]...

[Physics::Module] Initialized MultithreadedJobDispatcher with 15 workers.
Refreshing native plugins compatible for Editor in 19.53 ms, found 4 plugins.
Preloading 0 native plugins for Editor in 0.00 ms.
Initialize engine version: 2022.3.10f1 (ff3792e53c62)
[Subsystems] Discovering subsystems at path D:/Unity/2022.3.10f1/Editor/Data/Resources/UnitySubsystems
[Subsystems] Discovering subsystems at path D:/Unity Project/CMPM125-Final/Assets
GfxDevice: creating device client; threaded=0; jobified=0
Direct3D:
    Version:  Direct3D 11.0 [level 11.1]
    Renderer: AMD Radeon(TM) Graphics (ID=0x1681)
    Vendor:   ATI
    VRAM:     7010 MB
    Driver:   31.0.21031.1005
Initialize mono
Mono path[0] = 'D:/Unity/2022.3.10f1/Editor/Data/Managed'
Mono path[1] = 'D:/Unity/2022.3.10f1/Editor/Data/MonoBleedingEdge/lib/mono/unityjit-win32'
Mono config path = 'D:/Unity/2022.3.10f1/Editor/Data/MonoBleedingEdge/etc'
Using monoOptions --debugger-agent=transport=dt_socket,embedding=1,server=y,suspend=n,address=127.0.0.1:56580
Begin MonoManager ReloadAssembly
Registering precompiled unity dll's ...
Register platform support module: D:/Unity/2022.3.10f1/Editor/Data/PlaybackEngines/WebGLSupport/UnityEditor.WebGL.Extensions.dll
Register platform support module: D:/Unity/2022.3.10f1/Editor/Data/PlaybackEngines/WindowsStandaloneSupport/UnityEditor.WindowsStandalone.Extensions.dll
Registered in 0.008374 seconds.
- Loaded All Assemblies, in  0.566 seconds
Native extension for WindowsStandalone target not found
Native extension for WebGL target not found
Mono: successfully reloaded assembly
- Finished resetting the current domain, in  0.345 seconds
Domain Reload Profiling: 911ms
	BeginReloadAssembly (223ms)
		ExecutionOrderSort (0ms)
		DisableScriptedObjects (0ms)
		BackupInstance (0ms)
		ReleaseScriptingObjects (0ms)
		CreateAndSetChildDomain (1ms)
	RebuildCommonClasses (53ms)
	RebuildNativeTypeToScriptingClass (12ms)
	initialDomainReloadingComplete (66ms)
	LoadAllAssembliesAndSetupDomain (211ms)
		LoadAssemblies (224ms)
		RebuildTransferFunctionScriptingTraits (0ms)
		AnalyzeDomain (205ms)
			TypeCache.Refresh (203ms)
				TypeCache.ScanAssembly (181ms)
			ScanForSourceGeneratedMonoScriptInfo (0ms)
			ResolveRequiredComponents (1ms)
	FinalizeReload (346ms)
		ReleaseScriptCaches (0ms)
		RebuildScriptCaches (0ms)
		SetupLoadedEditorAssemblies (268ms)
			LogAssemblyErrors (0ms)
			InitializePlatformSupportModulesInManaged (11ms)
			SetLoadedEditorAssemblies (8ms)
			RefreshPlugins (0ms)
			BeforeProcessingInitializeOnLoad (3ms)
			ProcessInitializeOnLoadAttributes (166ms)
			ProcessInitializeOnLoadMethodAttributes (80ms)
			AfterProcessingInitializeOnLoad (0ms)
			EditorAssembliesLoaded (0ms)
		ExecutionOrderSort2 (0ms)
		AwakeInstancesAfterBackupRestoration (0ms)
========================================================================
Worker process is ready to serve import requests
Begin MonoManager ReloadAssembly
- Loaded All Assemblies, in  1.096 seconds
Refreshing native plugins compatible for Editor in 7.91 ms, found 4 plugins.
Native extension for WindowsStandalone target not found
Native extension for WebGL target not found
Package Manager log level set to [2]
[Package Manager] Server::EnsureServerProcessIsRunning -- launch failed, reason: Unity was launched with the -noUpm command-line argument
[Package Manager] UpmClient::Send -- Unable to send message (not connected to UPM process).
[Package Manager] Cannot connect to Unity Package Manager local server
Mono: successfully reloaded assembly
- Finished resetting the current domain, in  1.029 seconds
Domain Reload Profiling: 2125ms
	BeginReloadAssembly (276ms)
		ExecutionOrderSort (0ms)
		DisableScriptedObjects (7ms)
		BackupInstance (0ms)
		ReleaseScriptingObjects (0ms)
		CreateAndSetChildDomain (40ms)
	RebuildCommonClasses (42ms)
	RebuildNativeTypeToScriptingClass (11ms)
	initialDomainReloadingComplete (47ms)
	LoadAllAssembliesAndSetupDomain (720ms)
		LoadAssemblies (586ms)
		RebuildTransferFunctionScriptingTraits (0ms)
		AnalyzeDomain (316ms)
			TypeCache.Refresh (261ms)
				TypeCache.ScanAssembly (235ms)
			ScanForSourceGeneratedMonoScriptInfo (43ms)
			ResolveRequiredComponents (11ms)
	FinalizeReload (1030ms)
		ReleaseScriptCaches (0ms)
		RebuildScriptCaches (0ms)
		SetupLoadedEditorAssemblies (775ms)
			LogAssemblyErrors (0ms)
			InitializePlatformSupportModulesInManaged (9ms)
			SetLoadedEditorAssemblies (7ms)
			RefreshPlugins (0ms)
			BeforeProcessingInitializeOnLoad (104ms)
			ProcessInitializeOnLoadAttributes (534ms)
			ProcessInitializeOnLoadMethodAttributes (117ms)
			AfterProcessingInitializeOnLoad (3ms)
			EditorAssembliesLoaded (1ms)
		ExecutionOrderSort2 (0ms)
		AwakeInstancesAfterBackupRestoration (12ms)
Launched and connected shader compiler UnityShaderCompiler.exe after 0.08 seconds
Refreshing native plugins compatible for Editor in 8.33 ms, found 4 plugins.
Preloading 0 native plugins for Editor in 0.00 ms.
Unloading 6017 Unused Serialized files (Serialized files now loaded: 0)
Unloading 106 unused Assets / (0.9 MB). Loaded Objects now: 6463.
Memory consumption went from 223.8 MB to 222.9 MB.
Total: 9.318700 ms (FindLiveObjects: 1.545000 ms CreateObjectMapping: 0.288700 ms MarkObjects: 5.852800 ms  DeleteObjects: 1.540100 ms)

AssetImportParameters requested are different than current active one (requested -> active):
  custom:container-demuxer-ogg: 62fdf1f143b41e24485cea50d1cbac27 -> 
  custom:video-codec-MediaFoundation-h265: 746d11721c4dcdbdad8f713fa42b33f4 -> 
  custom:video-decoder-ogg-theora: a1e56fd34408186e4bbccfd4996cb3dc -> 
  custom:framework-win-MediaFoundation: 216162199b28c13a410421893ffa2e32 -> 
  custom:CustomObjectIndexerAttribute: a3ef5dd2817f97addfee359851a9dba5 -> 
  custom:container-demuxer-webm: 4f35f7cbe854078d1ac9338744f61a02 -> 
  custom:container-muxer-webm: aa71ff27fc2769a1b78a27578f13a17b -> 
  custom:video-decoder-webm-vp8: 9c59270c3fd7afecdb556c50c9e8de78 -> 
  custom:SearchIndexIgnoredProperties: e643bd26f0fe6173181afceb89e7c659 -> 
  custom:AudioImporter_EditorPlatform: d09bf68614088b80899f8185d706f6e7 -> 
  custom:video-encoder-webm-vp8: eb34c28f22e8b96e1ab97ce403110664 -> 
  custom:audio-decoder-ogg-vorbis: bf7c407c2cedff20999df2af8eb42d56 -> 
  custom:audio-encoder-webm-vorbis: bf7c407c2cedff20999df2af8eb42d56 -> 
========================================================================
Received Import Request.
  Time since last request: 5642.578684 seconds.
  path: Assets/Art Assets/Generic-Character/png/purple/char_purple_2.png
  artifactKey: Guid(2b75375d2bd02304ca071ef9d5b35e79) Importer(815301076,1909f56bfc062723c751e8b465ee728b)
Start importing Assets/Art Assets/Generic-Character/png/purple/char_purple_2.png using Guid(2b75375d2bd02304ca071ef9d5b35e79) Importer(815301076,1909f56bfc062723c751e8b465ee728b)  -> (artifact id: 'dc6e07eaa3a80610279df6b47322e6b2') in 0.158129 seconds
Number of updated asset objects reloaded before import = 0
Number of asset objects unloaded after import = 3
========================================================================
Received Import Request.
  Time since last request: 0.146250 seconds.
  path: Assets/Art Assets/Legacy-Fantasy-High Forest/Enemies/Snail/Dead-Sheet.png
  artifactKey: Guid(a5a4dc6efc6c9884194ea00401270924) Importer(815301076,1909f56bfc062723c751e8b465ee728b)
Start importing Assets/Art Assets/Legacy-Fantasy-High Forest/Enemies/Snail/Dead-Sheet.png using Guid(a5a4dc6efc6c9884194ea00401270924) Importer(815301076,1909f56bfc062723c751e8b465ee728b)  -> (artifact id: '5fd0e74b4ab666d80fe376f94766c2dc') in 0.026179 seconds
Number of updated asset objects reloaded before import = 0
Number of asset objects unloaded after import = 3
========================================================================
Received Import Request.
  Time since last request: 0.002442 seconds.
  path: Assets/Art Assets/Legacy-Fantasy-High Forest/Enemies/Small Bee/Fly/Fly-Sheet.png
  artifactKey: Guid(b8702d53e2908c745b176622e33c7113) Importer(815301076,1909f56bfc062723c751e8b465ee728b)
Start importing Assets/Art Assets/Legacy-Fantasy-High Forest/Enemies/Small Bee/Fly/Fly-Sheet.png using Guid(b8702d53e2908c745b176622e33c7113) Importer(815301076,1909f56bfc062723c751e8b465ee728b)  -> (artifact id: 'ad10d8e032a860807eedb7811f374258') in 0.026621 seconds
Number of updated asset objects reloaded before import = 0
Number of asset objects unloaded after import = 3
========================================================================
Received Import Request.
  Time since last request: 11.554890 seconds.
  path: Assets/Art Assets/Legacy-Fantasy-High Forest/Map Assets/Trees/Golden-Tree.png
  artifactKey: Guid(006a66fda676bab4a86dcb2f4bf099de) Importer(815301076,1909f56bfc062723c751e8b465ee728b)
Start importing Assets/Art Assets/Legacy-Fantasy-High Forest/Map Assets/Trees/Golden-Tree.png using Guid(006a66fda676bab4a86dcb2f4bf099de) Importer(815301076,1909f56bfc062723c751e8b465ee728b)  -> (artifact id: '68cd77cbc289c6fef20ef8cc5dfbc001') in 0.039175 seconds
Number of updated asset objects reloaded before import = 0
Number of asset objects unloaded after import = 3
========================================================================
Received Import Request.
  Time since last request: 0.000026 seconds.
  path: Assets/Art Assets/Legacy-Fantasy-High Forest/HUD/SignCharacters.png
  artifactKey: Guid(f6194cdc19e62be49bf6cc26074873ec) Importer(815301076,1909f56bfc062723c751e8b465ee728b)
Start importing Assets/Art Assets/Legacy-Fantasy-High Forest/HUD/SignCharacters.png using Guid(f6194cdc19e62be49bf6cc26074873ec) Importer(815301076,1909f56bfc062723c751e8b465ee728b)  -> (artifact id: 'e9d4384f08a6eb3fb4448aab04737bbf') in 0.033826 seconds
Number of updated asset objects reloaded before import = 0
Number of asset objects unloaded after import = 3
========================================================================
Received Import Request.
  Time since last request: 58.685243 seconds.
  path: Assets/Art Assets/Legacy-Fantasy-High Forest/Enemies/Small Bee/Hit/Hit-Sheet.png
  artifactKey: Guid(a3fd8db8fcd1ecf4fb9f1dddccde0ae0) Importer(815301076,1909f56bfc062723c751e8b465ee728b)
Start importing Assets/Art Assets/Legacy-Fantasy-High Forest/Enemies/Small Bee/Hit/Hit-Sheet.png using Guid(a3fd8db8fcd1ecf4fb9f1dddccde0ae0) Importer(815301076,1909f56bfc062723c751e8b465ee728b)  -> (artifact id: '3eeb25a8480c03bbec144a8ec03e4591') in 0.083407 seconds
Number of updated asset objects reloaded before import = 0
Number of asset objects unloaded after import = 3
========================================================================
Received Import Request.
  Time since last request: 0.000033 seconds.
  path: Assets/Art Assets/Legacy-Fantasy-High Forest/Enemies/Boar/Idle/Idle-Sheet.png
  artifactKey: Guid(ba7feb4fc9c3b9a499bec4579fbfd969) Importer(815301076,1909f56bfc062723c751e8b465ee728b)
Start importing Assets/Art Assets/Legacy-Fantasy-High Forest/Enemies/Boar/Idle/Idle-Sheet.png using Guid(ba7feb4fc9c3b9a499bec4579fbfd969) Importer(815301076,1909f56bfc062723c751e8b465ee728b)  -> (artifact id: '05c7de9b713b1d7b9261eb9f45094653') in 0.074199 seconds
Number of updated asset objects reloaded before import = 0
Number of asset objects unloaded after import = 3
========================================================================
Received Import Request.
  Time since last request: 0.000041 seconds.
  path: Assets/Art Assets/Legacy-Fantasy-High Forest/Enemies/Boar/Run/Run-Sheet-Black.png
  artifactKey: Guid(046129a52a6bf6d4b8876a5cbd1080ba) Importer(815301076,1909f56bfc062723c751e8b465ee728b)
Start importing Assets/Art Assets/Legacy-Fantasy-High Forest/Enemies/Boar/Run/Run-Sheet-Black.png using Guid(046129a52a6bf6d4b8876a5cbd1080ba) Importer(815301076,1909f56bfc062723c751e8b465ee728b)  -> (artifact id: 'd1c269600c4f76848f7815b849b9f89c') in 0.041290 seconds
Number of updated asset objects reloaded before import = 0
Number of asset objects unloaded after import = 3
========================================================================
Received Import Request.
  Time since last request: 0.000053 seconds.
  path: Assets/Art Assets/Legacy-Fantasy-High Forest/Enemies/Boar/Walk/Walk-Base-SheetBlack.png
  artifactKey: Guid(1dd767d1bfef02a41814d20e2cd85bf8) Importer(815301076,1909f56bfc062723c751e8b465ee728b)
Start importing Assets/Art Assets/Legacy-Fantasy-High Forest/Enemies/Boar/Walk/Walk-Base-SheetBlack.png using Guid(1dd767d1bfef02a41814d20e2cd85bf8) Importer(815301076,1909f56bfc062723c751e8b465ee728b)  -> (artifact id: '2681ba5a6b0c67f34d826d2e3c2252ea') in 0.033236 seconds
Number of updated asset objects reloaded before import = 0
Number of asset objects unloaded after import = 3
========================================================================
Received Import Request.
  Time since last request: 0.000053 seconds.
  path: Assets/Art Assets/Legacy-Fantasy-High Forest/Enemies/Boar/Walk/Walk-Base-Sheet-White.png
  artifactKey: Guid(fcc30a6ac0f90a34fbe7c9038475cc26) Importer(815301076,1909f56bfc062723c751e8b465ee728b)
Start importing Assets/Art Assets/Legacy-Fantasy-High Forest/Enemies/Boar/Walk/Walk-Base-Sheet-White.png using Guid(fcc30a6ac0f90a34fbe7c9038475cc26) Importer(815301076,1909f56bfc062723c751e8b465ee728b)  -> (artifact id: 'fedaf6a2935939f0982ec38846a1f1db') in 0.032294 seconds
Number of updated asset objects reloaded before import = 0
Number of asset objects unloaded after import = 3
========================================================================
Received Import Request.
  Time since last request: 0.000026 seconds.
  path: Assets/Art Assets/Legacy-Fantasy-High Forest/Enemies/Boar/Walk/Walk-Base-Sheet.png
  artifactKey: Guid(65b9c10303d3d7640a0a67cf82bd08b4) Importer(815301076,1909f56bfc062723c751e8b465ee728b)
Start importing Assets/Art Assets/Legacy-Fantasy-High Forest/Enemies/Boar/Walk/Walk-Base-Sheet.png using Guid(65b9c10303d3d7640a0a67cf82bd08b4) Importer(815301076,1909f56bfc062723c751e8b465ee728b)  -> (artifact id: '5a5754bb187b666e6bd8473905689ff1') in 0.027543 seconds
Number of updated asset objects reloaded before import = 0
Number of asset objects unloaded after import = 3
========================================================================
Received Import Request.
  Time since last request: 0.000023 seconds.
  path: Assets/Art Assets/Legacy-Fantasy-High Forest/Enemies/Boar/Run/Run-Sheet.png
  artifactKey: Guid(2af009cf4dc6ac74eb297c1c246bcad3) Importer(815301076,1909f56bfc062723c751e8b465ee728b)
Start importing Assets/Art Assets/Legacy-Fantasy-High Forest/Enemies/Boar/Run/Run-Sheet.png using Guid(2af009cf4dc6ac74eb297c1c246bcad3) Importer(815301076,1909f56bfc062723c751e8b465ee728b)  -> (artifact id: '534a0176d608a8583ff10a75109fdde9') in 0.026243 seconds
Number of updated asset objects reloaded before import = 0
Number of asset objects unloaded after import = 3
========================================================================
Received Import Request.
  Time since last request: 0.000033 seconds.
  path: Assets/Art Assets/Legacy-Fantasy-High Forest/Map Assets/Trees/Yellow-Tree.png
  artifactKey: Guid(386261c894f1e954ba29929fa6793984) Importer(815301076,1909f56bfc062723c751e8b465ee728b)
Start importing Assets/Art Assets/Legacy-Fantasy-High Forest/Map Assets/Trees/Yellow-Tree.png using Guid(386261c894f1e954ba29929fa6793984) Importer(815301076,1909f56bfc062723c751e8b465ee728b)  -> (artifact id: '07adeb8e765d9bcaeb8d30b688108399') in 0.034587 seconds
Number of updated asset objects reloaded before import = 0
Number of asset objects unloaded after import = 3
========================================================================
Received Import Request.
  Time since last request: 0.000037 seconds.
  path: Assets/Art Assets/Legacy-Fantasy-High Forest/Enemies/Boar/Hit-Vanish/Hit-Sheet-Black.png
  artifactKey: Guid(8798cd354ef6870408c6649daf9def39) Importer(815301076,1909f56bfc062723c751e8b465ee728b)
Start importing Assets/Art Assets/Legacy-Fantasy-High Forest/Enemies/Boar/Hit-Vanish/Hit-Sheet-Black.png using Guid(8798cd354ef6870408c6649daf9def39) Importer(815301076,1909f56bfc062723c751e8b465ee728b)  -> (artifact id: '0940b4da323ad234cf417cdc4044716d') in 0.027222 seconds
Number of updated asset objects reloaded before import = 0
Number of asset objects unloaded after import = 3
Editor requested this worker to shutdown with reason: Scaling down because of idle timeout
TcpMessagingSession - receive error: operation aborted. errorcode: 995, details: 由于线程退出或应用程序请求，已中止 I/O 操作。
AssetImportWorker is now disconnected from the server
Process exiting
Exiting without the bug reporter. Application will terminate with return code 0