Using pre-set license
Built from '2022.3/staging' branch; Version is '2022.3.10f1 (ff3792e53c62) revision 16725906'; Using compiler version '192829333'; Build Type 'Release'
OS: 'Windows 11  (10.0.22621) 64bit CoreCountrySpecific' Language: 'zh' Physical Memory: 14020 MB
BatchMode: 1, IsHumanControllingUs: 0, StartBugReporterOnCrash: 0, Is64bit: 1, IsPro: 1

COMMAND LINE ARGUMENTS:
D:\Unity\2022.3.10f1\Editor\Unity.exe
-adb2
-batchMode
-noUpm
-name
AssetImportWorker4
-projectPath
D:/Unity Project/CMPM125-Final
-logFile
Logs/AssetImportWorker4.log
-srvPort
53272
Successfully changed project path to: D:/Unity Project/CMPM125-Final
D:/Unity Project/CMPM125-Final
[UnityMemory] Configuration Parameters - Can be set up in boot.config
    "memorysetup-bucket-allocator-granularity=16"
    "memorysetup-bucket-allocator-bucket-count=8"
    "memorysetup-bucket-allocator-block-size=33554432"
    "memorysetup-bucket-allocator-block-count=8"
    "memorysetup-main-allocator-block-size=16777216"
    "memorysetup-thread-allocator-block-size=16777216"
    "memorysetup-gfx-main-allocator-block-size=16777216"
    "memorysetup-gfx-thread-allocator-block-size=16777216"
    "memorysetup-cache-allocator-block-size=4194304"
    "memorysetup-typetree-allocator-block-size=2097152"
    "memorysetup-profiler-bucket-allocator-granularity=16"
    "memorysetup-profiler-bucket-allocator-bucket-count=8"
    "memorysetup-profiler-bucket-allocator-block-size=33554432"
    "memorysetup-profiler-bucket-allocator-block-count=8"
    "memorysetup-profiler-allocator-block-size=16777216"
    "memorysetup-profiler-editor-allocator-block-size=1048576"
    "memorysetup-temp-allocator-size-main=16777216"
    "memorysetup-job-temp-allocator-block-size=2097152"
    "memorysetup-job-temp-allocator-block-size-background=1048576"
    "memorysetup-job-temp-allocator-reduction-small-platforms=262144"
    "memorysetup-allocator-temp-initial-block-size-main=262144"
    "memorysetup-allocator-temp-initial-block-size-worker=262144"
    "memorysetup-temp-allocator-size-background-worker=32768"
    "memorysetup-temp-allocator-size-job-worker=262144"
    "memorysetup-temp-allocator-size-preload-manager=33554432"
    "memorysetup-temp-allocator-size-nav-mesh-worker=65536"
    "memorysetup-temp-allocator-size-audio-worker=65536"
    "memorysetup-temp-allocator-size-cloud-worker=32768"
    "memorysetup-temp-allocator-size-gi-baking-worker=262144"
    "memorysetup-temp-allocator-size-gfx=262144"
Player connection [24112] Host "[IP] 192.168.146.1 [Port] 0 [Flags] 2 [Guid] 3296760821 [EditorId] 3296760821 [Version] 1048832 [Id] WindowsEditor(7,Thinkbook14) [Debug] 1 [PackageName] WindowsEditor [ProjectName] Editor" joined multi-casting on [225.0.0.222:54997]...

Player connection [24112] Host "[IP] 192.168.146.1 [Port] 0 [Flags] 2 [Guid] 3296760821 [EditorId] 3296760821 [Version] 1048832 [Id] WindowsEditor(7,Thinkbook14) [Debug] 1 [PackageName] WindowsEditor [ProjectName] Editor" joined alternative multi-casting on [225.0.0.222:34997]...

[Physics::Module] Initialized MultithreadedJobDispatcher with 15 workers.
Refreshing native plugins compatible for Editor in 20.29 ms, found 4 plugins.
Preloading 0 native plugins for Editor in 0.00 ms.
Initialize engine version: 2022.3.10f1 (ff3792e53c62)
[Subsystems] Discovering subsystems at path D:/Unity/2022.3.10f1/Editor/Data/Resources/UnitySubsystems
[Subsystems] Discovering subsystems at path D:/Unity Project/CMPM125-Final/Assets
GfxDevice: creating device client; threaded=0; jobified=0
Direct3D:
    Version:  Direct3D 11.0 [level 11.1]
    Renderer: AMD Radeon(TM) Graphics (ID=0x1681)
    Vendor:   ATI
    VRAM:     7010 MB
    Driver:   31.0.21031.1005
Initialize mono
Mono path[0] = 'D:/Unity/2022.3.10f1/Editor/Data/Managed'
Mono path[1] = 'D:/Unity/2022.3.10f1/Editor/Data/MonoBleedingEdge/lib/mono/unityjit-win32'
Mono config path = 'D:/Unity/2022.3.10f1/Editor/Data/MonoBleedingEdge/etc'
Using monoOptions --debugger-agent=transport=dt_socket,embedding=1,server=y,suspend=n,address=127.0.0.1:56060
Begin MonoManager ReloadAssembly
Registering precompiled unity dll's ...
Register platform support module: D:/Unity/2022.3.10f1/Editor/Data/PlaybackEngines/WebGLSupport/UnityEditor.WebGL.Extensions.dll
Register platform support module: D:/Unity/2022.3.10f1/Editor/Data/PlaybackEngines/WindowsStandaloneSupport/UnityEditor.WindowsStandalone.Extensions.dll
Registered in 0.007644 seconds.
- Loaded All Assemblies, in  0.567 seconds
Native extension for WindowsStandalone target not found
Native extension for WebGL target not found
Mono: successfully reloaded assembly
- Finished resetting the current domain, in  0.343 seconds
Domain Reload Profiling: 910ms
	BeginReloadAssembly (224ms)
		ExecutionOrderSort (0ms)
		DisableScriptedObjects (0ms)
		BackupInstance (0ms)
		ReleaseScriptingObjects (0ms)
		CreateAndSetChildDomain (1ms)
	RebuildCommonClasses (54ms)
	RebuildNativeTypeToScriptingClass (13ms)
	initialDomainReloadingComplete (64ms)
	LoadAllAssembliesAndSetupDomain (212ms)
		LoadAssemblies (225ms)
		RebuildTransferFunctionScriptingTraits (0ms)
		AnalyzeDomain (206ms)
			TypeCache.Refresh (205ms)
				TypeCache.ScanAssembly (184ms)
			ScanForSourceGeneratedMonoScriptInfo (1ms)
			ResolveRequiredComponents (1ms)
	FinalizeReload (344ms)
		ReleaseScriptCaches (0ms)
		RebuildScriptCaches (0ms)
		SetupLoadedEditorAssemblies (267ms)
			LogAssemblyErrors (0ms)
			InitializePlatformSupportModulesInManaged (11ms)
			SetLoadedEditorAssemblies (8ms)
			RefreshPlugins (0ms)
			BeforeProcessingInitializeOnLoad (3ms)
			ProcessInitializeOnLoadAttributes (166ms)
			ProcessInitializeOnLoadMethodAttributes (79ms)
			AfterProcessingInitializeOnLoad (0ms)
			EditorAssembliesLoaded (0ms)
		ExecutionOrderSort2 (0ms)
		AwakeInstancesAfterBackupRestoration (0ms)
========================================================================
Worker process is ready to serve import requests
Begin MonoManager ReloadAssembly
- Loaded All Assemblies, in  1.091 seconds
Refreshing native plugins compatible for Editor in 6.82 ms, found 4 plugins.
Native extension for WindowsStandalone target not found
Native extension for WebGL target not found
Package Manager log level set to [2]
[Package Manager] Server::EnsureServerProcessIsRunning -- launch failed, reason: Unity was launched with the -noUpm command-line argument
[Package Manager] UpmClient::Send -- Unable to send message (not connected to UPM process).
[Package Manager] Cannot connect to Unity Package Manager local server
Mono: successfully reloaded assembly
- Finished resetting the current domain, in  1.033 seconds
Domain Reload Profiling: 2125ms
	BeginReloadAssembly (273ms)
		ExecutionOrderSort (0ms)
		DisableScriptedObjects (8ms)
		BackupInstance (0ms)
		ReleaseScriptingObjects (0ms)
		CreateAndSetChildDomain (40ms)
	RebuildCommonClasses (43ms)
	RebuildNativeTypeToScriptingClass (11ms)
	initialDomainReloadingComplete (49ms)
	LoadAllAssembliesAndSetupDomain (715ms)
		LoadAssemblies (584ms)
		RebuildTransferFunctionScriptingTraits (0ms)
		AnalyzeDomain (311ms)
			TypeCache.Refresh (257ms)
				TypeCache.ScanAssembly (233ms)
			ScanForSourceGeneratedMonoScriptInfo (40ms)
			ResolveRequiredComponents (12ms)
	FinalizeReload (1033ms)
		ReleaseScriptCaches (0ms)
		RebuildScriptCaches (0ms)
		SetupLoadedEditorAssemblies (772ms)
			LogAssemblyErrors (0ms)
			InitializePlatformSupportModulesInManaged (8ms)
			SetLoadedEditorAssemblies (6ms)
			RefreshPlugins (0ms)
			BeforeProcessingInitializeOnLoad (104ms)
			ProcessInitializeOnLoadAttributes (528ms)
			ProcessInitializeOnLoadMethodAttributes (121ms)
			AfterProcessingInitializeOnLoad (3ms)
			EditorAssembliesLoaded (1ms)
		ExecutionOrderSort2 (0ms)
		AwakeInstancesAfterBackupRestoration (13ms)
Launched and connected shader compiler UnityShaderCompiler.exe after 0.09 seconds
Refreshing native plugins compatible for Editor in 7.73 ms, found 4 plugins.
Preloading 0 native plugins for Editor in 0.00 ms.
Unloading 6017 Unused Serialized files (Serialized files now loaded: 0)
Unloading 106 unused Assets / (0.9 MB). Loaded Objects now: 6463.
Memory consumption went from 223.8 MB to 222.9 MB.
Total: 8.252100 ms (FindLiveObjects: 0.690000 ms CreateObjectMapping: 0.232500 ms MarkObjects: 5.750500 ms  DeleteObjects: 1.576900 ms)

AssetImportParameters requested are different than current active one (requested -> active):
  custom:container-demuxer-ogg: 62fdf1f143b41e24485cea50d1cbac27 -> 
  custom:video-codec-MediaFoundation-h265: 746d11721c4dcdbdad8f713fa42b33f4 -> 
  custom:video-decoder-ogg-theora: a1e56fd34408186e4bbccfd4996cb3dc -> 
  custom:framework-win-MediaFoundation: 216162199b28c13a410421893ffa2e32 -> 
  custom:CustomObjectIndexerAttribute: a3ef5dd2817f97addfee359851a9dba5 -> 
  custom:container-demuxer-webm: 4f35f7cbe854078d1ac9338744f61a02 -> 
  custom:container-muxer-webm: aa71ff27fc2769a1b78a27578f13a17b -> 
  custom:video-decoder-webm-vp8: 9c59270c3fd7afecdb556c50c9e8de78 -> 
  custom:SearchIndexIgnoredProperties: e643bd26f0fe6173181afceb89e7c659 -> 
  custom:AudioImporter_EditorPlatform: d09bf68614088b80899f8185d706f6e7 -> 
  custom:video-encoder-webm-vp8: eb34c28f22e8b96e1ab97ce403110664 -> 
  custom:audio-decoder-ogg-vorbis: bf7c407c2cedff20999df2af8eb42d56 -> 
  custom:audio-encoder-webm-vorbis: bf7c407c2cedff20999df2af8eb42d56 -> 
========================================================================
Received Import Request.
  Time since last request: 5350.831235 seconds.
  path: Assets/Tilemap/Palettes/Forest 1.prefab
  artifactKey: Guid(f2cdee134a6ad9c468d238c4082231c9) Importer(815301076,1909f56bfc062723c751e8b465ee728b)
Start importing Assets/Tilemap/Palettes/Forest 1.prefab using Guid(f2cdee134a6ad9c468d238c4082231c9) Importer(815301076,1909f56bfc062723c751e8b465ee728b)  -> (artifact id: '7dc782e9990b6be09dd68508cecc9664') in 0.581985 seconds
Number of updated asset objects reloaded before import = 0
Number of asset objects unloaded after import = 1026
========================================================================
Received Import Request.
  Time since last request: 193.749613 seconds.
  path: Assets/Art Assets/Legacy-Fantasy-High Forest/Map Assets/Forest-1.png
  artifactKey: Guid(7d934523eefaff745895f9663d44fa20) Importer(815301076,1909f56bfc062723c751e8b465ee728b)
Start importing Assets/Art Assets/Legacy-Fantasy-High Forest/Map Assets/Forest-1.png using Guid(7d934523eefaff745895f9663d44fa20) Importer(815301076,1909f56bfc062723c751e8b465ee728b)  -> (artifact id: 'b9767dd0872326e88eedc14923c9bb6e') in 1.679323 seconds
Number of updated asset objects reloaded before import = 0
Number of asset objects unloaded after import = 509
========================================================================
Received Import Request.
  Time since last request: 95.699309 seconds.
  path: Assets/Art Assets/Generic-Character/png/purple/char_purple_1.png
  artifactKey: Guid(f9e55265a3535974a8bf8f352cebafc7) Importer(815301076,1909f56bfc062723c751e8b465ee728b)
Start importing Assets/Art Assets/Generic-Character/png/purple/char_purple_1.png using Guid(f9e55265a3535974a8bf8f352cebafc7) Importer(815301076,1909f56bfc062723c751e8b465ee728b)  -> (artifact id: '5f81d0f1d597e6367a5f54e2750b1553') in 0.036444 seconds
Number of updated asset objects reloaded before import = 0
Number of asset objects unloaded after import = 3
========================================================================
Received Import Request.
  Time since last request: 0.000037 seconds.
  path: Assets/Art Assets/Generic-Character/png/red/char_red_1.png
  artifactKey: Guid(d8993d3172a5ba545b467f3316e22b42) Importer(815301076,1909f56bfc062723c751e8b465ee728b)
Start importing Assets/Art Assets/Generic-Character/png/red/char_red_1.png using Guid(d8993d3172a5ba545b467f3316e22b42) Importer(815301076,1909f56bfc062723c751e8b465ee728b)  -> (artifact id: '2f72145931a53848da1e95fd1fa790a3') in 0.029340 seconds
Number of updated asset objects reloaded before import = 0
Number of asset objects unloaded after import = 3
========================================================================
Received Import Request.
  Time since last request: 0.000054 seconds.
  path: Assets/Art Assets/Generic-Character/png/red/char_red_2.png
  artifactKey: Guid(ba4e00cc47f9ab74199170f9d71cc992) Importer(815301076,1909f56bfc062723c751e8b465ee728b)
Start importing Assets/Art Assets/Generic-Character/png/red/char_red_2.png using Guid(ba4e00cc47f9ab74199170f9d71cc992) Importer(815301076,1909f56bfc062723c751e8b465ee728b)  -> (artifact id: '91c0701ee61f8b38da3d0e642041aa90') in 0.030409 seconds
Number of updated asset objects reloaded before import = 0
Number of asset objects unloaded after import = 3
========================================================================
Received Import Request.
  Time since last request: 0.181586 seconds.
  path: Assets/Art Assets/Legacy-Fantasy-High Forest/Map Assets/Trees/Dark-Tree.png
  artifactKey: Guid(2cd4de0ba912d5a4c8aa55357db0c885) Importer(815301076,1909f56bfc062723c751e8b465ee728b)
Start importing Assets/Art Assets/Legacy-Fantasy-High Forest/Map Assets/Trees/Dark-Tree.png using Guid(2cd4de0ba912d5a4c8aa55357db0c885) Importer(815301076,1909f56bfc062723c751e8b465ee728b)  -> (artifact id: 'cd541e755a931bfe04c1c889accdd226') in 0.033203 seconds
Number of updated asset objects reloaded before import = 0
Number of asset objects unloaded after import = 3
========================================================================
Received Import Request.
  Time since last request: 11.592869 seconds.
  path: Assets/Art Assets/Legacy-Fantasy-High Forest/HUD/GameButtons.png
  artifactKey: Guid(a23683ee1e9744746afecb04d5f5a3a4) Importer(815301076,1909f56bfc062723c751e8b465ee728b)
Start importing Assets/Art Assets/Legacy-Fantasy-High Forest/HUD/GameButtons.png using Guid(a23683ee1e9744746afecb04d5f5a3a4) Importer(815301076,1909f56bfc062723c751e8b465ee728b)  -> (artifact id: 'ea65993addc4abffe1d902eac7754775') in 0.040895 seconds
Number of updated asset objects reloaded before import = 0
Number of asset objects unloaded after import = 3
========================================================================
Received Import Request.
  Time since last request: 0.000248 seconds.
  path: Assets/Art Assets/Legacy-Fantasy-High Forest/Map Assets/Trees/Green-Tree.png
  artifactKey: Guid(ba4990969a77d754386090cdd56948f9) Importer(815301076,1909f56bfc062723c751e8b465ee728b)
Start importing Assets/Art Assets/Legacy-Fantasy-High Forest/Map Assets/Trees/Green-Tree.png using Guid(ba4990969a77d754386090cdd56948f9) Importer(815301076,1909f56bfc062723c751e8b465ee728b)  -> (artifact id: '24827567c95847045bca4035c51eb790') in 0.037118 seconds
Number of updated asset objects reloaded before import = 0
Number of asset objects unloaded after import = 3
========================================================================
Received Import Request.
  Time since last request: 52.638989 seconds.
  path: Assets/Art Assets/Legacy-Fantasy-High Forest/Map Assets/Forest-1.png
  artifactKey: Guid(7d934523eefaff745895f9663d44fa20) Importer(815301076,1909f56bfc062723c751e8b465ee728b)
Start importing Assets/Art Assets/Legacy-Fantasy-High Forest/Map Assets/Forest-1.png using Guid(7d934523eefaff745895f9663d44fa20) Importer(815301076,1909f56bfc062723c751e8b465ee728b)  -> (artifact id: 'db00478a782105da3bc2dccca9834475') in 1.179767 seconds
Number of updated asset objects reloaded before import = 0
Number of asset objects unloaded after import = 509
========================================================================
Received Import Request.
  Time since last request: 4.842692 seconds.
  path: Assets/Art Assets/Legacy-Fantasy-High Forest/Enemies/Snail/Hide-Sheet.png
  artifactKey: Guid(63d91ae06ada07545b62ec7268d5e398) Importer(815301076,1909f56bfc062723c751e8b465ee728b)
Start importing Assets/Art Assets/Legacy-Fantasy-High Forest/Enemies/Snail/Hide-Sheet.png using Guid(63d91ae06ada07545b62ec7268d5e398) Importer(815301076,1909f56bfc062723c751e8b465ee728b)  -> (artifact id: '806150ed6ed1e5e5c1a73ca3affffa92') in 0.162685 seconds
Number of updated asset objects reloaded before import = 0
Number of asset objects unloaded after import = 3
========================================================================
Received Import Request.
  Time since last request: 0.000243 seconds.
  path: Assets/Art Assets/Legacy-Fantasy-High Forest/Enemies/Boar/Hit-Vanish/Hit-Sheet-White.png
  artifactKey: Guid(479f44b4b144c5d49ba79ce89b9245f9) Importer(815301076,1909f56bfc062723c751e8b465ee728b)
Start importing Assets/Art Assets/Legacy-Fantasy-High Forest/Enemies/Boar/Hit-Vanish/Hit-Sheet-White.png using Guid(479f44b4b144c5d49ba79ce89b9245f9) Importer(815301076,1909f56bfc062723c751e8b465ee728b)  -> (artifact id: 'fdeeaa23bad1be7a77aed2e3c318cdc0') in 0.045499 seconds
Number of updated asset objects reloaded before import = 0
Number of asset objects unloaded after import = 3
========================================================================
Received Import Request.
  Time since last request: 0.000148 seconds.
  path: Assets/Art Assets/Legacy-Fantasy-High Forest/Enemies/Boar/Hit-Vanish/Hit-Sheet.png
  artifactKey: Guid(c134279f009dae243ba2ac9a7a23de2f) Importer(815301076,1909f56bfc062723c751e8b465ee728b)
Start importing Assets/Art Assets/Legacy-Fantasy-High Forest/Enemies/Boar/Hit-Vanish/Hit-Sheet.png using Guid(c134279f009dae243ba2ac9a7a23de2f) Importer(815301076,1909f56bfc062723c751e8b465ee728b)  -> (artifact id: '2c97f6b3436207f4e799091890039318') in 0.034411 seconds
Number of updated asset objects reloaded before import = 0
Number of asset objects unloaded after import = 3
========================================================================
Received Import Request.
  Time since last request: 0.000104 seconds.
  path: Assets/Art Assets/Legacy-Fantasy-High Forest/Enemies/Boar/Idle/Idle-Sheet-export-Back.png
  artifactKey: Guid(d777ac3de0529a64fb5622fa6cefba48) Importer(815301076,1909f56bfc062723c751e8b465ee728b)
Start importing Assets/Art Assets/Legacy-Fantasy-High Forest/Enemies/Boar/Idle/Idle-Sheet-export-Back.png using Guid(d777ac3de0529a64fb5622fa6cefba48) Importer(815301076,1909f56bfc062723c751e8b465ee728b)  -> (artifact id: '2ef66be6e4b1433bbcc67c3650acc699') in 0.032965 seconds
Number of updated asset objects reloaded before import = 0
Number of asset objects unloaded after import = 3
========================================================================
Received Import Request.
  Time since last request: 0.000051 seconds.
  path: Assets/Art Assets/Legacy-Fantasy-High Forest/Enemies/Boar/Idle/Idle-Sheet-White.png
  artifactKey: Guid(953cf70071b9b4547899288294b1758f) Importer(815301076,1909f56bfc062723c751e8b465ee728b)
Start importing Assets/Art Assets/Legacy-Fantasy-High Forest/Enemies/Boar/Idle/Idle-Sheet-White.png using Guid(953cf70071b9b4547899288294b1758f) Importer(815301076,1909f56bfc062723c751e8b465ee728b)  -> (artifact id: 'ca05e247c7cafebec27b1ab5eccc04ed') in 0.030217 seconds
Number of updated asset objects reloaded before import = 0
Number of asset objects unloaded after import = 3
========================================================================
Received Import Request.
  Time since last request: 0.000037 seconds.
  path: Assets/Art Assets/Legacy-Fantasy-High Forest/Enemies/Snail/walk-Sheet.png
  artifactKey: Guid(f3eec630fc6752440b916484862776c0) Importer(815301076,1909f56bfc062723c751e8b465ee728b)
Start importing Assets/Art Assets/Legacy-Fantasy-High Forest/Enemies/Snail/walk-Sheet.png using Guid(f3eec630fc6752440b916484862776c0) Importer(815301076,1909f56bfc062723c751e8b465ee728b)  -> (artifact id: 'd5258c206c6d6fcacd4920894be06d60') in 0.029440 seconds
Number of updated asset objects reloaded before import = 0
Number of asset objects unloaded after import = 3
========================================================================
Received Import Request.
  Time since last request: 0.000046 seconds.
  path: Assets/Art Assets/Legacy-Fantasy-High Forest/Enemies/Boar/Run/Run-Sheet-White.png
  artifactKey: Guid(4e7111d098b552247a74529cadad5feb) Importer(815301076,1909f56bfc062723c751e8b465ee728b)
Start importing Assets/Art Assets/Legacy-Fantasy-High Forest/Enemies/Boar/Run/Run-Sheet-White.png using Guid(4e7111d098b552247a74529cadad5feb) Importer(815301076,1909f56bfc062723c751e8b465ee728b)  -> (artifact id: '493d747ee9211994d0f29065863feab9') in 0.032643 seconds
Number of updated asset objects reloaded before import = 0
Number of asset objects unloaded after import = 3
========================================================================
Received Import Request.
  Time since last request: 0.000032 seconds.
  path: Assets/Art Assets/Legacy-Fantasy-High Forest/Map Assets/Trees/Red-Tree.png
  artifactKey: Guid(d74385369212f1944ab1357ef7709089) Importer(815301076,1909f56bfc062723c751e8b465ee728b)
Start importing Assets/Art Assets/Legacy-Fantasy-High Forest/Map Assets/Trees/Red-Tree.png using Guid(d74385369212f1944ab1357ef7709089) Importer(815301076,1909f56bfc062723c751e8b465ee728b)  -> (artifact id: 'd61dceb09f6f52c7c4ebac85f75838a6') in 0.032813 seconds
Number of updated asset objects reloaded before import = 0
Number of asset objects unloaded after import = 3
Editor requested this worker to shutdown with reason: Scaling down because of idle timeout
TcpMessagingSession - receive error: operation aborted. errorcode: 995, details: 由于线程退出或应用程序请求，已中止 I/O 操作。
AssetImportWorker is now disconnected from the server
Process exiting
Exiting without the bug reporter. Application will terminate with return code 0